Determining if the pthread_create exist failed with the following output:
Change Dir: /home/zeze/catkin_ws/src/roborts_decision/build/CMakeFiles/CMakeTmp

Run Build Command:"/usr/bin/make" "cmTC_73e03/fast"
/usr/bin/make -f CMakeFiles/cmTC_73e03.dir/build.make CMakeFiles/cmTC_73e03.dir/build
make[1]: 进入目录“/home/zeze/catkin_ws/src/roborts_decision/build/CMakeFiles/CMakeTmp”
Building C object CMakeFiles/cmTC_73e03.dir/CheckSymbolExists.c.o
/usr/bin/gcc-7    -o CMakeFiles/cmTC_73e03.dir/CheckSymbolExists.c.o   -c /home/zeze/catkin_ws/src/roborts_decision/build/CMakeFiles/CMakeTmp/CheckSymbolExists.c
Linking C executable cmTC_73e03
/usr/bin/cmake -E cmake_link_script CMakeFiles/cmTC_73e03.dir/link.txt --verbose=1
/usr/bin/gcc-7      -rdynamic CMakeFiles/cmTC_73e03.dir/CheckSymbolExists.c.o  -o cmTC_73e03 
CMakeFiles/cmTC_73e03.dir/CheckSymbolExists.c.o：在函数‘main’中：
CheckSymbolExists.c:(.text+0x1b)：对‘pthread_create’未定义的引用
collect2: error: ld returned 1 exit status
CMakeFiles/cmTC_73e03.dir/build.make:97: recipe for target 'cmTC_73e03' failed
make[1]: *** [cmTC_73e03] Error 1
make[1]: 离开目录“/home/zeze/catkin_ws/src/roborts_decision/build/CMakeFiles/CMakeTmp”
Makefile:126: recipe for target 'cmTC_73e03/fast' failed
make: *** [cmTC_73e03/fast] Error 2

File /home/zeze/catkin_ws/src/roborts_decision/build/CMakeFiles/CMakeTmp/CheckSymbolExists.c:
/* */
#include <pthread.h>

int main(int argc, char** argv)
{
  (void)argv;
#ifndef pthread_create
  return ((int*)(&pthread_create))[argc];
#else
  (void)argc;
  return 0;
#endif
}

Determining if the function pthread_create exists in the pthreads failed with the following output:
Change Dir: /home/zeze/catkin_ws/src/roborts_decision/build/CMakeFiles/CMakeTmp

Run Build Command:"/usr/bin/make" "cmTC_02693/fast"
/usr/bin/make -f CMakeFiles/cmTC_02693.dir/build.make CMakeFiles/cmTC_02693.dir/build
make[1]: 进入目录“/home/zeze/catkin_ws/src/roborts_decision/build/CMakeFiles/CMakeTmp”
Building C object CMakeFiles/cmTC_02693.dir/CheckFunctionExists.c.o
/usr/bin/gcc-7   -DCHECK_FUNCTION_EXISTS=pthread_create   -o CMakeFiles/cmTC_02693.dir/CheckFunctionExists.c.o   -c /usr/share/cmake-3.10/Modules/CheckFunctionExists.c
Linking C executable cmTC_02693
/usr/bin/cmake -E cmake_link_script CMakeFiles/cmTC_02693.dir/link.txt --verbose=1
/usr/bin/gcc-7  -DCHECK_FUNCTION_EXISTS=pthread_create    -rdynamic CMakeFiles/cmTC_02693.dir/CheckFunctionExists.c.o  -o cmTC_02693 -lpthreads 
/usr/bin/ld: 找不到 -lpthreads
collect2: error: ld returned 1 exit status
CMakeFiles/cmTC_02693.dir/build.make:97: recipe for target 'cmTC_02693' failed
make[1]: *** [cmTC_02693] Error 1
make[1]: 离开目录“/home/zeze/catkin_ws/src/roborts_decision/build/CMakeFiles/CMakeTmp”
Makefile:126: recipe for target 'cmTC_02693/fast' failed
make: *** [cmTC_02693/fast] Error 2


