Determining if the pthread_create exist failed with the following output:
Change Dir: /home/zeze/catkin_ws/src/build/CMakeFiles/CMakeTmp

Run Build Command:"/usr/bin/make" "cmTC_cf153/fast"
/usr/bin/make -f CMakeFiles/cmTC_cf153.dir/build.make CMakeFiles/cmTC_cf153.dir/build
make[1]: 进入目录“/home/zeze/catkin_ws/src/build/CMakeFiles/CMakeTmp”
Building C object CMakeFiles/cmTC_cf153.dir/CheckSymbolExists.c.o
/usr/bin/cc    -o CMakeFiles/cmTC_cf153.dir/CheckSymbolExists.c.o   -c /home/zeze/catkin_ws/src/build/CMakeFiles/CMakeTmp/CheckSymbolExists.c
Linking C executable cmTC_cf153
/usr/bin/cmake -E cmake_link_script CMakeFiles/cmTC_cf153.dir/link.txt --verbose=1
/usr/bin/cc      -rdynamic CMakeFiles/cmTC_cf153.dir/CheckSymbolExists.c.o  -o cmTC_cf153 
CMakeFiles/cmTC_cf153.dir/CheckSymbolExists.c.o：在函数‘main’中：
CheckSymbolExists.c:(.text+0x1b)：对‘pthread_create’未定义的引用
collect2: error: ld returned 1 exit status
CMakeFiles/cmTC_cf153.dir/build.make:97: recipe for target 'cmTC_cf153' failed
make[1]: *** [cmTC_cf153] Error 1
make[1]: 离开目录“/home/zeze/catkin_ws/src/build/CMakeFiles/CMakeTmp”
Makefile:126: recipe for target 'cmTC_cf153/fast' failed
make: *** [cmTC_cf153/fast] Error 2

File /home/zeze/catkin_ws/src/build/CMakeFiles/CMakeTmp/CheckSymbolExists.c:
/* */
#include <pthread.h>

int main(int argc, char** argv)
{
  (void)argv;
#ifndef pthread_create
  return ((int*)(&pthread_create))[argc];
#else
  (void)argc;
  return 0;
#endif
}

Determining if the function pthread_create exists in the pthreads failed with the following output:
Change Dir: /home/zeze/catkin_ws/src/build/CMakeFiles/CMakeTmp

Run Build Command:"/usr/bin/make" "cmTC_fdf2d/fast"
/usr/bin/make -f CMakeFiles/cmTC_fdf2d.dir/build.make CMakeFiles/cmTC_fdf2d.dir/build
make[1]: 进入目录“/home/zeze/catkin_ws/src/build/CMakeFiles/CMakeTmp”
Building C object CMakeFiles/cmTC_fdf2d.dir/CheckFunctionExists.c.o
/usr/bin/cc   -DCHECK_FUNCTION_EXISTS=pthread_create   -o CMakeFiles/cmTC_fdf2d.dir/CheckFunctionExists.c.o   -c /usr/share/cmake-3.10/Modules/CheckFunctionExists.c
Linking C executable cmTC_fdf2d
/usr/bin/cmake -E cmake_link_script CMakeFiles/cmTC_fdf2d.dir/link.txt --verbose=1
/usr/bin/cc  -DCHECK_FUNCTION_EXISTS=pthread_create    -rdynamic CMakeFiles/cmTC_fdf2d.dir/CheckFunctionExists.c.o  -o cmTC_fdf2d -lpthreads 
/usr/bin/ld: 找不到 -lpthreads
collect2: error: ld returned 1 exit status
CMakeFiles/cmTC_fdf2d.dir/build.make:97: recipe for target 'cmTC_fdf2d' failed
make[1]: *** [cmTC_fdf2d] Error 1
make[1]: 离开目录“/home/zeze/catkin_ws/src/build/CMakeFiles/CMakeTmp”
Makefile:126: recipe for target 'cmTC_fdf2d/fast' failed
make: *** [cmTC_fdf2d/fast] Error 2


Determining if the strtod_l exist failed with the following output:
Change Dir: /home/zeze/catkin_ws/src/build/CMakeFiles/CMakeTmp

Run Build Command:"/usr/bin/make" "cmTC_d5eea/fast"
/usr/bin/make -f CMakeFiles/cmTC_d5eea.dir/build.make CMakeFiles/cmTC_d5eea.dir/build
make[1]: 进入目录“/home/zeze/catkin_ws/src/build/CMakeFiles/CMakeTmp”
Building C object CMakeFiles/cmTC_d5eea.dir/CheckSymbolExists.c.o
/usr/bin/cc    -o CMakeFiles/cmTC_d5eea.dir/CheckSymbolExists.c.o   -c /home/zeze/catkin_ws/src/build/CMakeFiles/CMakeTmp/CheckSymbolExists.c
/home/zeze/catkin_ws/src/build/CMakeFiles/CMakeTmp/CheckSymbolExists.c: In function ‘main’:
/home/zeze/catkin_ws/src/build/CMakeFiles/CMakeTmp/CheckSymbolExists.c:8:19: error: ‘strtod_l’ undeclared (first use in this function); did you mean ‘strtoull’?
   return ((int*)(&strtod_l))[argc];
                   ^~~~~~~~
                   strtoull
/home/zeze/catkin_ws/src/build/CMakeFiles/CMakeTmp/CheckSymbolExists.c:8:19: note: each undeclared identifier is reported only once for each function it appears in
CMakeFiles/cmTC_d5eea.dir/build.make:65: recipe for target 'CMakeFiles/cmTC_d5eea.dir/CheckSymbolExists.c.o' failed
make[1]: *** [CMakeFiles/cmTC_d5eea.dir/CheckSymbolExists.c.o] Error 1
make[1]: 离开目录“/home/zeze/catkin_ws/src/build/CMakeFiles/CMakeTmp”
Makefile:126: recipe for target 'cmTC_d5eea/fast' failed
make: *** [cmTC_d5eea/fast] Error 2

File /home/zeze/catkin_ws/src/build/CMakeFiles/CMakeTmp/CheckSymbolExists.c:
/* */
#include <stdlib.h>

int main(int argc, char** argv)
{
  (void)argv;
#ifndef strtod_l
  return ((int*)(&strtod_l))[argc];
#else
  (void)argc;
  return 0;
#endif
}

